Total number of filepaths: 298
Filepath 0: data/raw/s2orc/20250808_113318_00015_j7igg_002da4ab-9609-4c0f-a856-fa4c5208c0e4
Filepath 1: data/raw/s2orc/20250808_113318_00015_j7igg_0084b06e-0d5f-452e-9304-a934a693d4b1
Filepath 2: data/raw/s2orc/20250808_113318_00015_j7igg_0260d404-bf7e-4a3d-b7c7-8141ca707d69
Filepath 3: data/raw/s2orc/20250808_113318_00015_j7igg_04a4769f-dc63-4f23-8843-f1ba701bd0d8
Filepath 4: data/raw/s2orc/20250808_113318_00015_j7igg_04be053b-8fb7-43df-9e30-67eb2af6c8c0
Filepath 5: data/raw/s2orc/20250808_113318_00015_j7igg_061b2458-4402-40fa-9d46-53b3a922ce48
Filepath 6: data/raw/s2orc/20250808_113318_00015_j7igg_066447b8-e454-46c7-8de2-6afe0dca1a34
Filepath 7: data/raw/s2orc/20250808_113318_00015_j7igg_066f1f3e-f4e7-447e-a4d6-49a79abcfb4c
Filepath 8: data/raw/s2orc/20250808_113318_00015_j7igg_0746c3f7-cbad-4c6c-b5e8-6727f8f07dd5
Filepath 9: data/raw/s2orc/20250808_113318_00015_j7igg_07b4edb3-52c7-4648-b17e-3de4d4987e30
Filepath 10: data/raw/s2orc/20250808_113318_00015_j7igg_086fba64-11da-446a-bd66-95838656e3a8
Filepath 11: data/raw/s2orc/20250808_113318_00015_j7igg_09372542-60bb-4b69-9536-d1c587560d66
Filepath 12: data/raw/s2orc/20250808_113318_00015_j7igg_096e345c-c8a7-4cfc-9540-35897f000afc
Filepath 13: data/raw/s2orc/20250808_113318_00015_j7igg_099b79d4-3321-4389-ba2a-e45e85f8fb57
Filepath 14: data/raw/s2orc/20250808_113318_00015_j7igg_0a5f4997-8736-4316-983e-ed3fde72a17b
Filepath 15: data/raw/s2orc/20250808_113318_00015_j7igg_0b887e9c-151a-42f9-b7ee-45bb45146f37
Filepath 16: data/raw/s2orc/20250808_113318_00015_j7igg_0bc4f88a-5334-4660-8965-34f461a2ae63
Filepath 17: data/raw/s2orc/20250808_113318_00015_j7igg_0be46799-3ed8-4e7c-99ef-84faa1f18c46
Filepath 18: data/raw/s2orc/20250808_113318_00015_j7igg_0c39f6cd-01f8-4e52-8f08-b07e3327157a
Filepath 19: data/raw/s2orc/20250808_113318_00015_j7igg_0d9a5acc-ae03-46e6-baa7-415107a13cb3
Filepath 20: data/raw/s2orc/20250808_113318_00015_j7igg_0f816e9f-4a2e-434e-bd95-d814842e9b78
Filepath 21: data/raw/s2orc/20250808_113318_00015_j7igg_0fab8daf-a190-4e9c-9ece-d429548475ca
Filepath 22: data/raw/s2orc/20250808_113318_00015_j7igg_11f311ee-d3d3-4a5d-bbdf-6134944d99c0
Filepath 23: data/raw/s2orc/20250808_113318_00015_j7igg_12129d13-fcf6-4c82-9f3a-7fd9e6b47844
Filepath 24: data/raw/s2orc/20250808_113318_00015_j7igg_127fb08b-ddf3-465d-9746-23083c68bd34
Filepath 25: data/raw/s2orc/20250808_113318_00015_j7igg_137213a8-c017-47d6-8dc0-d249e0d46fbe
Filepath 26: data/raw/s2orc/20250808_113318_00015_j7igg_140c39c1-99a5-4bdc-9131-5761a6e981ee
Filepath 27: data/raw/s2orc/20250808_113318_00015_j7igg_1435bc67-8d9e-4b01-8f05-8f23f40d01e4
Filepath 28: data/raw/s2orc/20250808_113318_00015_j7igg_148c2267-ae08-4bfd-8629-7c00d8af95d3
Filepath 29: data/raw/s2orc/20250808_113318_00015_j7igg_14baf5df-5e96-49a7-80bb-7baa785b3346
Filepath 30: data/raw/s2orc/20250808_113318_00015_j7igg_15213ee3-5ed4-4eb1-a267-204852865b16
Filepath 31: data/raw/s2orc/20250808_113318_00015_j7igg_158b85d2-002f-4f9a-8255-3e6632e8cfdc
Filepath 32: data/raw/s2orc/20250808_113318_00015_j7igg_15b70598-dc08-49f4-8a77-7dcd386de3a6
Filepath 33: data/raw/s2orc/20250808_113318_00015_j7igg_166c4590-d565-4ec9-91d6-83a354a4c50b
Filepath 34: data/raw/s2orc/20250808_113318_00015_j7igg_17532f13-f1a2-4622-b178-71f52848d4b8
Filepath 35: data/raw/s2orc/20250808_113318_00015_j7igg_177effae-ce72-4eaf-9e84-0c00e9bdc17e
Filepath 36: data/raw/s2orc/20250808_113318_00015_j7igg_185d529f-7048-40f5-aff6-086c69ed4def
Filepath 37: data/raw/s2orc/20250808_113318_00015_j7igg_18bcd632-cb28-4fac-9b9e-44b99aff3c56
Filepath 38: data/raw/s2orc/20250808_113318_00015_j7igg_1900bc35-f042-49ba-8e29-8f7ffec53d01
Filepath 39: data/raw/s2orc/20250808_113318_00015_j7igg_19bb6f23-3ab9-4fdb-9bea-32b4d98874b8
Filepath 40: data/raw/s2orc/20250808_113318_00015_j7igg_1afae175-9663-4b13-8cd7-85d67f9e05fe
Filepath 41: data/raw/s2orc/20250808_113318_00015_j7igg_1b5908f1-17ca-465c-8b02-5995f8546aee
Filepath 42: data/raw/s2orc/20250808_113318_00015_j7igg_1c7171fd-2ae0-4a96-a371-c783ec1a9fc6
Filepath 43: data/raw/s2orc/20250808_113318_00015_j7igg_1dc522cd-eaf8-4d15-a4d1-1899a087ea4f
Filepath 44: data/raw/s2orc/20250808_113318_00015_j7igg_1de56078-9f0d-4095-97bb-3a789381f37c
Filepath 45: data/raw/s2orc/20250808_113318_00015_j7igg_1e1ce9a7-37e6-456f-813d-0a0b193609fd
Filepath 46: data/raw/s2orc/20250808_113318_00015_j7igg_1e55696b-3354-44a7-90b2-aea9c994e281
Filepath 47: data/raw/s2orc/20250808_113318_00015_j7igg_1e88b735-e83c-4517-b49a-72fb0fa0666c
Filepath 48: data/raw/s2orc/20250808_113318_00015_j7igg_1eac88fd-6296-4000-aab4-ddadb72e4243
Filepath 49: data/raw/s2orc/20250808_113318_00015_j7igg_1f8dc686-58d2-4dac-8434-426dcb9447c1
Filepath 50: data/raw/s2orc/20250808_113318_00015_j7igg_20beae27-4854-4b94-a047-6e478125c6a0
Filepath 51: data/raw/s2orc/20250808_113318_00015_j7igg_217939ac-e0c1-4fe8-be5c-9279c920c478
Filepath 52: data/raw/s2orc/20250808_113318_00015_j7igg_21fadead-db28-4405-b746-cf6d4a970c18
Filepath 53: data/raw/s2orc/20250808_113318_00015_j7igg_2213b4e9-d264-474d-9ea7-ad795e6be7bd
Filepath 54: data/raw/s2orc/20250808_113318_00015_j7igg_2264f48a-9aef-458d-be48-c25db4f4942f
Filepath 55: data/raw/s2orc/20250808_113318_00015_j7igg_23c9852a-22a0-49fe-b617-4542089ca61c
Filepath 56: data/raw/s2orc/20250808_113318_00015_j7igg_24345cbf-4240-466d-a2ab-2ec12c0c6db8
Filepath 57: data/raw/s2orc/20250808_113318_00015_j7igg_2494d853-1a77-449e-84e8-034f3caaf254
Filepath 58: data/raw/s2orc/20250808_113318_00015_j7igg_2588a0ec-bf3a-4fcc-bb09-c29774b74941
Filepath 59: data/raw/s2orc/20250808_113318_00015_j7igg_260728e3-fcc0-4a53-806f-93b2fa09d7b6
Filepath 60: data/raw/s2orc/20250808_113318_00015_j7igg_28a5802d-d365-43f6-8965-68f41c3a7e46
Filepath 61: data/raw/s2orc/20250808_113318_00015_j7igg_2ac79e70-a2f7-43e6-96b4-e69526cebe99
Filepath 62: data/raw/s2orc/20250808_113318_00015_j7igg_2bd8c329-748f-45b4-880a-76085ecb760c
Filepath 63: data/raw/s2orc/20250808_113318_00015_j7igg_2bddaf76-ed1d-4ee1-9202-9cf7d92328a5
Filepath 64: data/raw/s2orc/20250808_113318_00015_j7igg_2d76e98a-fe88-4813-8f7d-225479864b58
Filepath 65: data/raw/s2orc/20250808_113318_00015_j7igg_2de1ddc0-4f70-4bcf-9c4b-10f30b3854a3
Filepath 66: data/raw/s2orc/20250808_113318_00015_j7igg_2de98b12-27c2-4cad-a138-786664c24183
Filepath 67: data/raw/s2orc/20250808_113318_00015_j7igg_2f1d8880-8b66-4455-9f67-faa1a24de47f
Filepath 68: data/raw/s2orc/20250808_113318_00015_j7igg_30b966f3-9fe5-4266-89c0-1ce59ebe6deb
Filepath 69: data/raw/s2orc/20250808_113318_00015_j7igg_3104c5e4-652b-4ec1-b534-4047bbfbdf75
Filepath 70: data/raw/s2orc/20250808_113318_00015_j7igg_31562a02-19da-4cc5-9b7c-16f7f3818ee7
Filepath 71: data/raw/s2orc/20250808_113318_00015_j7igg_322a93dc-f3f4-4db2-8c02-70ae55fbb4ba
Filepath 72: data/raw/s2orc/20250808_113318_00015_j7igg_333c7f4a-e9e7-4627-84b5-848f84adf271
Filepath 73: data/raw/s2orc/20250808_113318_00015_j7igg_33469e00-4d67-4eb4-a471-f10e1d776f03
Filepath 74: data/raw/s2orc/20250808_113318_00015_j7igg_35339355-177f-4f07-b273-12e2155cfa63
Filepath 75: data/raw/s2orc/20250808_113318_00015_j7igg_35774274-85ae-4299-908e-2a5ca64e89da
Filepath 76: data/raw/s2orc/20250808_113318_00015_j7igg_375c44a2-6135-4dbc-89cc-8a06fdeb293b
Filepath 77: data/raw/s2orc/20250808_113318_00015_j7igg_398811b1-f53b-4ad0-9ea5-9884e74a701a
Filepath 78: data/raw/s2orc/20250808_113318_00015_j7igg_39a2c708-9c5c-4227-8336-01a1d74526ec
Filepath 79: data/raw/s2orc/20250808_113318_00015_j7igg_3a880441-e157-41ab-a23e-aee3b9e20031
Filepath 80: data/raw/s2orc/20250808_113318_00015_j7igg_3b2887f3-ef1b-40a6-98f9-62d4dcd715fd
Filepath 81: data/raw/s2orc/20250808_113318_00015_j7igg_3c3cc213-43df-4f1d-8b7d-b29cb5daf6b9
Filepath 82: data/raw/s2orc/20250808_113318_00015_j7igg_3c997225-fae6-4cec-a54e-e144f2a681b9
Filepath 83: data/raw/s2orc/20250808_113318_00015_j7igg_3cd37710-58bb-423e-843e-e391ec4be4ca
Filepath 84: data/raw/s2orc/20250808_113318_00015_j7igg_3eb6322c-3b31-4847-9633-b08e1d1bd3ec
Filepath 85: data/raw/s2orc/20250808_113318_00015_j7igg_3f036f50-511e-4b7c-93b6-001c50c4e32c
Filepath 86: data/raw/s2orc/20250808_113318_00015_j7igg_3fe02672-28a9-4023-9bf4-2aa2ded2867f
Filepath 87: data/raw/s2orc/20250808_113318_00015_j7igg_4031ad5f-2770-4971-addf-c96c5645901c
Filepath 88: data/raw/s2orc/20250808_113318_00015_j7igg_4159c4c9-bed7-40d5-8311-2210170e5deb
Filepath 89: data/raw/s2orc/20250808_113318_00015_j7igg_435d2b57-7d12-4cba-b8ea-9f562acd05a1
Filepath 90: data/raw/s2orc/20250808_113318_00015_j7igg_4386df04-1e9c-4413-aa10-a24b30e5c77d
Filepath 91: data/raw/s2orc/20250808_113318_00015_j7igg_467d5384-25d5-4cd6-9889-4089d27a4fdc
Filepath 92: data/raw/s2orc/20250808_113318_00015_j7igg_46c61b75-5504-41c6-b8f6-5b6210069925
Filepath 93: data/raw/s2orc/20250808_113318_00015_j7igg_47c0bb73-8fc0-476e-a13a-a5a5c0a5c8da
Filepath 94: data/raw/s2orc/20250808_113318_00015_j7igg_48358c43-6320-4902-b2ac-554bcf652e8a
Filepath 95: data/raw/s2orc/20250808_113318_00015_j7igg_4984a459-571f-4c6e-a91f-78d489608ee3
Filepath 96: data/raw/s2orc/20250808_113318_00015_j7igg_49ac23c9-0a45-4af3-93cd-343d6678a770
Filepath 97: data/raw/s2orc/20250808_113318_00015_j7igg_4a391162-3e00-474c-91eb-915bfaf3a0f2
Filepath 98: data/raw/s2orc/20250808_113318_00015_j7igg_4aabf24e-1ba9-4fa7-8868-91d252f3315a
Filepath 99: data/raw/s2orc/20250808_113318_00015_j7igg_4c277643-0a92-41f5-a84e-fa9ff529ced7
Filepath 100: data/raw/s2orc/20250808_113318_00015_j7igg_4ce9d587-e97b-4d46-a9aa-df595dcd9fc6
Filepath 101: data/raw/s2orc/20250808_113318_00015_j7igg_4dd322ac-0385-487f-89c5-bd324e695521
Filepath 102: data/raw/s2orc/20250808_113318_00015_j7igg_4eeefe81-5b91-4705-ac35-f9ddd4aa5704
Filepath 103: data/raw/s2orc/20250808_113318_00015_j7igg_4fbc22a7-efa1-4f2b-a2db-420615685370
Filepath 104: data/raw/s2orc/20250808_113318_00015_j7igg_5017a441-3d00-44a3-a651-b3cff4232cc6
Filepath 105: data/raw/s2orc/20250808_113318_00015_j7igg_50bf90ed-68d8-4014-a818-7105d58c8f3e
Filepath 106: data/raw/s2orc/20250808_113318_00015_j7igg_5117d3cb-b12c-47fc-8d68-e22c0879f628
Filepath 107: data/raw/s2orc/20250808_113318_00015_j7igg_5171aed6-9a67-4775-88a6-0b5461aa2691
Filepath 108: data/raw/s2orc/20250808_113318_00015_j7igg_51d05f6a-d20e-4030-8171-390174f9d983
Filepath 109: data/raw/s2orc/20250808_113318_00015_j7igg_525ce152-7d27-4862-a270-7980c9cac2e0
Filepath 110: data/raw/s2orc/20250808_113318_00015_j7igg_543441bd-8679-426a-a33b-9e3fc9ab7340
Filepath 111: data/raw/s2orc/20250808_113318_00015_j7igg_54c96479-c5f4-46ae-bbe9-b98a487e2337
Filepath 112: data/raw/s2orc/20250808_113318_00015_j7igg_5742b90a-fdc5-4f59-bc9c-2561d0ed417a
Filepath 113: data/raw/s2orc/20250808_113318_00015_j7igg_5766e60d-7abc-40a9-b8ef-849c50e0515d
Filepath 114: data/raw/s2orc/20250808_113318_00015_j7igg_577bac63-b771-4bc9-a8c1-d05e43f4e17b
Filepath 115: data/raw/s2orc/20250808_113318_00015_j7igg_57d5efc1-3461-4ae3-b03c-d3cbc9308d8f
Filepath 116: data/raw/s2orc/20250808_113318_00015_j7igg_5c0c81a9-344d-48bb-aaa9-31861488f314
Filepath 117: data/raw/s2orc/20250808_113318_00015_j7igg_5c132672-4765-4d34-b7ec-96e03683290f
Filepath 118: data/raw/s2orc/20250808_113318_00015_j7igg_5de7cfbc-988c-4126-ae8c-c7b3d32e19da
Filepath 119: data/raw/s2orc/20250808_113318_00015_j7igg_5e2ca399-9284-4ce5-a2f5-a00fa1620ceb
Filepath 120: data/raw/s2orc/20250808_113318_00015_j7igg_5e757ab0-0a78-421a-8e7d-ea9142e4451f
Filepath 121: data/raw/s2orc/20250808_113318_00015_j7igg_5ef693c4-7f72-483d-93ee-8e54b9c2aefd
Filepath 122: data/raw/s2orc/20250808_113318_00015_j7igg_5f9a61a4-930d-42ca-b606-040240326850
Filepath 123: data/raw/s2orc/20250808_113318_00015_j7igg_60091522-a902-492b-a872-bf55f4662ece
Filepath 124: data/raw/s2orc/20250808_113318_00015_j7igg_603d9844-b84a-4565-87c2-5ae5a9acef92
Filepath 125: data/raw/s2orc/20250808_113318_00015_j7igg_61d37b2a-6494-4369-a804-671380362c60
Filepath 126: data/raw/s2orc/20250808_113318_00015_j7igg_624e9fb7-bdc6-41d3-bac5-38db5daa3319
Filepath 127: data/raw/s2orc/20250808_113318_00015_j7igg_65218974-fb43-4fce-84e7-25bdd7c94964
Filepath 128: data/raw/s2orc/20250808_113318_00015_j7igg_65483b98-78aa-4aba-97dd-33e0a5cc94e4
Filepath 129: data/raw/s2orc/20250808_113318_00015_j7igg_66d441ec-1820-4f06-9f37-6cebf4a25a6e
Filepath 130: data/raw/s2orc/20250808_113318_00015_j7igg_6831720e-8a22-48ed-aca9-ec0a39058cea
Filepath 131: data/raw/s2orc/20250808_113318_00015_j7igg_6a9a4cdb-0a40-4af6-949b-fd46b311ffcc
Filepath 132: data/raw/s2orc/20250808_113318_00015_j7igg_6c059f22-02c0-435c-a597-090652383062
Filepath 133: data/raw/s2orc/20250808_113318_00015_j7igg_6dd522ca-56c7-447a-9378-3ea0420f2df0
Filepath 134: data/raw/s2orc/20250808_113318_00015_j7igg_6eeabd0c-ea5e-4760-9c0d-087660461224
Filepath 135: data/raw/s2orc/20250808_113318_00015_j7igg_6f208bd9-e587-41e6-9ad2-8f14d8a6ddd2
Filepath 136: data/raw/s2orc/20250808_113318_00015_j7igg_702db994-5055-40cc-8d9a-ed01660c83e9
Filepath 137: data/raw/s2orc/20250808_113318_00015_j7igg_71d926ac-dac2-476a-9434-b67b965bba4a
Filepath 138: data/raw/s2orc/20250808_113318_00015_j7igg_741a4a11-356d-4205-ae95-603be665ab60
Filepath 139: data/raw/s2orc/20250808_113318_00015_j7igg_750d4ead-b2a7-4889-bbdf-aff6cef9d1ca
Filepath 140: data/raw/s2orc/20250808_113318_00015_j7igg_7533cd0f-4365-4123-b47d-11144b622dbc
Filepath 141: data/raw/s2orc/20250808_113318_00015_j7igg_76e86045-62a5-4dcb-aee1-50125a1d3ba8
Filepath 142: data/raw/s2orc/20250808_113318_00015_j7igg_7721b279-ab6a-4e3e-8310-54e0e39ab4c5
Filepath 143: data/raw/s2orc/20250808_113318_00015_j7igg_772bf1d3-7ded-4576-bc87-c3a4589a5b5b
Filepath 144: data/raw/s2orc/20250808_113318_00015_j7igg_779249ec-eeb5-48cc-89cf-d3e89e846455
Filepath 145: data/raw/s2orc/20250808_113318_00015_j7igg_79315bba-17b0-42ac-8d37-dc3d2224366a
Filepath 146: data/raw/s2orc/20250808_113318_00015_j7igg_7bd661a0-84ad-42ae-b776-b4ab1f4649ee
Filepath 147: data/raw/s2orc/20250808_113318_00015_j7igg_7c81024e-6ca3-4ca9-a516-64f849ba0f85
Filepath 148: data/raw/s2orc/20250808_113318_00015_j7igg_7cff0fb2-8f8e-46e4-b704-7ac9cb1b260a
Filepath 149: data/raw/s2orc/20250808_113318_00015_j7igg_7d4ca2c6-3a26-4884-82dc-b2dbeabc4e51
Filepath 150: data/raw/s2orc/20250808_113318_00015_j7igg_7d761e8c-b10d-4ad5-a350-a0c65b9559b7
Filepath 151: data/raw/s2orc/20250808_113318_00015_j7igg_7df53979-4b80-4005-970d-10f2657393e7
Filepath 152: data/raw/s2orc/20250808_113318_00015_j7igg_7e2d5fe5-413e-49ca-9160-3a16f5edf896
Filepath 153: data/raw/s2orc/20250808_113318_00015_j7igg_7fd45997-e6a3-435f-b832-7c21b91035ad
Filepath 154: data/raw/s2orc/20250808_113318_00015_j7igg_80136140-68ad-4179-adc7-69afbe2cd4b3
Filepath 155: data/raw/s2orc/20250808_113318_00015_j7igg_80d1662c-1b87-4047-8362-bd70824c7fb1
Filepath 156: data/raw/s2orc/20250808_113318_00015_j7igg_823a6dd4-6e17-4467-8b81-a78f595ef9fc
Filepath 157: data/raw/s2orc/20250808_113318_00015_j7igg_82595d8f-d623-40ee-b225-28f202b5c8b7
Filepath 158: data/raw/s2orc/20250808_113318_00015_j7igg_825f153b-6cd8-4efa-b4f0-25d26eca34ab
Filepath 159: data/raw/s2orc/20250808_113318_00015_j7igg_8264fda2-b1b2-4f52-86d6-d0637a989677
Filepath 160: data/raw/s2orc/20250808_113318_00015_j7igg_82bf4dea-7e63-403e-aea1-ccc04d34ba8d
Filepath 161: data/raw/s2orc/20250808_113318_00015_j7igg_833aac2b-48f5-4ace-8789-7ac50abb1029
Filepath 162: data/raw/s2orc/20250808_113318_00015_j7igg_83a3181b-f639-4256-8d62-eb97f0109ee3
Filepath 163: data/raw/s2orc/20250808_113318_00015_j7igg_8583be5d-bbca-4967-9c7f-6369f5a222b2
Filepath 164: data/raw/s2orc/20250808_113318_00015_j7igg_86cf44d8-4d2d-4fe7-9470-355aef4c2bdb
Filepath 165: data/raw/s2orc/20250808_113318_00015_j7igg_86f652d4-f929-4039-b5b1-039f11690f3b
Filepath 166: data/raw/s2orc/20250808_113318_00015_j7igg_86fbf44f-3622-466f-a962-a33a40f24651
Filepath 167: data/raw/s2orc/20250808_113318_00015_j7igg_8b2a947d-d17c-4fe1-a68d-1b48e9b88ccc
Filepath 168: data/raw/s2orc/20250808_113318_00015_j7igg_8bccec97-f36c-483c-a37a-75fcdb2006f9
Filepath 169: data/raw/s2orc/20250808_113318_00015_j7igg_8cae1160-e492-4237-ad4c-a316cf7d43a9
Filepath 170: data/raw/s2orc/20250808_113318_00015_j7igg_8ea0f329-527e-4c11-97e8-fc616fb035d9
Filepath 171: data/raw/s2orc/20250808_113318_00015_j7igg_93351262-67a6-4125-8b32-dfbbcf951ab4
Filepath 172: data/raw/s2orc/20250808_113318_00015_j7igg_9369ba86-256b-484a-889f-3643f9a5d06f
Filepath 173: data/raw/s2orc/20250808_113318_00015_j7igg_93a93e9c-30a3-464a-aeba-3ed0eab2beb5
Filepath 174: data/raw/s2orc/20250808_113318_00015_j7igg_95380804-89cd-4895-8b02-eb33bde5e690
Filepath 175: data/raw/s2orc/20250808_113318_00015_j7igg_9572f7a8-b23a-45ea-9da8-43f5e316c040
Filepath 176: data/raw/s2orc/20250808_113318_00015_j7igg_9596c0fb-7822-4bf2-a83a-5d4c57372d4c
Filepath 177: data/raw/s2orc/20250808_113318_00015_j7igg_96b00617-096b-447d-b536-46fb26b1b952
Filepath 178: data/raw/s2orc/20250808_113318_00015_j7igg_96d482a4-91b5-437f-9ed9-34ca0f6ecd20
Filepath 179: data/raw/s2orc/20250808_113318_00015_j7igg_9860ef0a-5305-4dc6-9d35-0b70cb87d885
Filepath 180: data/raw/s2orc/20250808_113318_00015_j7igg_9897b80d-f863-4ff0-957b-2c31e7a054e6
Filepath 181: data/raw/s2orc/20250808_113318_00015_j7igg_98e5ee86-6f12-4094-9e60-78d6b8b406b4
Filepath 182: data/raw/s2orc/20250808_113318_00015_j7igg_99425838-84f3-493c-b140-7343badeb3a8
Filepath 183: data/raw/s2orc/20250808_113318_00015_j7igg_995ac666-5475-4b6d-9c64-6f257bb0b924
Filepath 184: data/raw/s2orc/20250808_113318_00015_j7igg_99ada9bf-646c-4a7f-bfbc-664851b32fa5
Filepath 185: data/raw/s2orc/20250808_113318_00015_j7igg_9bcdef88-8826-44b5-8d3c-d4b430aaf019
Filepath 186: data/raw/s2orc/20250808_113318_00015_j7igg_9c8c3aea-939a-4724-b8df-d577e6449ded
Filepath 187: data/raw/s2orc/20250808_113318_00015_j7igg_9cdd8136-beba-426b-9b0c-7c0ffbe30c60
Filepath 188: data/raw/s2orc/20250808_113318_00015_j7igg_9f4597e8-b185-4782-9a8d-1b0c31f578e1
Filepath 189: data/raw/s2orc/20250808_113318_00015_j7igg_9f7c8835-981c-479f-b766-0b7b4cb6deff
Filepath 190: data/raw/s2orc/20250808_113318_00015_j7igg_a3a40d91-94cf-4c69-935f-5f01bf820336
Filepath 191: data/raw/s2orc/20250808_113318_00015_j7igg_a3f9fbc0-2a50-4cb2-8386-f4fb5e915e90
Filepath 192: data/raw/s2orc/20250808_113318_00015_j7igg_a49f129f-abde-4f8a-a06b-47a529690d82
Filepath 193: data/raw/s2orc/20250808_113318_00015_j7igg_a4ea62c0-f591-4441-8b2a-6c3ac3005e39
Filepath 194: data/raw/s2orc/20250808_113318_00015_j7igg_a5176f45-4679-4e3e-97e6-063be32f5100
Filepath 195: data/raw/s2orc/20250808_113318_00015_j7igg_a8214232-ef46-476b-a74e-cd36de09d530
Filepath 196: data/raw/s2orc/20250808_113318_00015_j7igg_a83267ad-9188-4132-b89a-486022f3eb98
Filepath 197: data/raw/s2orc/20250808_113318_00015_j7igg_a8e50854-1f97-4835-8e23-a7f08b3976ab
Filepath 198: data/raw/s2orc/20250808_113318_00015_j7igg_a94d7176-b2d7-4b8e-aee6-17444617a15d
Filepath 199: data/raw/s2orc/20250808_113318_00015_j7igg_aaf5c1f9-2429-4a84-8a8c-a1c22796e01d
Filepath 200: data/raw/s2orc/20250808_113318_00015_j7igg_ad76c62f-a80e-4cf6-8bbb-162910c39853
Filepath 201: data/raw/s2orc/20250808_113318_00015_j7igg_ae7d3064-fa72-4d09-b29d-a76da0a0d974
Filepath 202: data/raw/s2orc/20250808_113318_00015_j7igg_af667fbc-087e-4993-81dd-a401d3794500
Filepath 203: data/raw/s2orc/20250808_113318_00015_j7igg_af752bfc-e428-4a96-a74a-fe9bc3e1831a
Filepath 204: data/raw/s2orc/20250808_113318_00015_j7igg_b013560f-2826-4985-ac04-321f2d94f7c4
Filepath 205: data/raw/s2orc/20250808_113318_00015_j7igg_b0874f66-ff92-469e-a786-995dcad1aefd
Filepath 206: data/raw/s2orc/20250808_113318_00015_j7igg_b1e6b0d3-f27a-40ad-ba37-8a7a4d750188
Filepath 207: data/raw/s2orc/20250808_113318_00015_j7igg_b3cb0655-dddb-45c4-80b3-4851a0b61771
Filepath 208: data/raw/s2orc/20250808_113318_00015_j7igg_b5ddf93d-c89e-4ddd-afe1-f7a70e2ab4f2
Filepath 209: data/raw/s2orc/20250808_113318_00015_j7igg_b5e167c7-b84c-4668-8b14-ff4cdcb54684
Filepath 210: data/raw/s2orc/20250808_113318_00015_j7igg_b75d5243-3d43-4d02-9ed4-b21b1a37ffba
Filepath 211: data/raw/s2orc/20250808_113318_00015_j7igg_b7e46b73-4334-4e24-8166-4f9e410f0224
Filepath 212: data/raw/s2orc/20250808_113318_00015_j7igg_b8601682-8054-4287-917a-24c697e6a155
Filepath 213: data/raw/s2orc/20250808_113318_00015_j7igg_b9435dac-8fe5-4e50-a5ed-743f2e42323f
Filepath 214: data/raw/s2orc/20250808_113318_00015_j7igg_ba67bf14-77f7-4e6a-9816-9b3070877e2b
Filepath 215: data/raw/s2orc/20250808_113318_00015_j7igg_bb030134-2e02-42e6-af0b-ce680e235737
Filepath 216: data/raw/s2orc/20250808_113318_00015_j7igg_bb3637c1-2a3b-449a-9646-e8438c13bcc8
Filepath 217: data/raw/s2orc/20250808_113318_00015_j7igg_bc912891-8109-41d2-898a-35dc9e563128
Filepath 218: data/raw/s2orc/20250808_113318_00015_j7igg_bddc20ce-e31c-4509-9f49-ab282c421a7e
Filepath 219: data/raw/s2orc/20250808_113318_00015_j7igg_bf7b0ef7-f1d8-4236-ab13-f8e09660279e
Filepath 220: data/raw/s2orc/20250808_113318_00015_j7igg_bffe8d91-93e0-4aeb-819c-5d1ed7153cda
Filepath 221: data/raw/s2orc/20250808_113318_00015_j7igg_c2051a8c-ef7e-4109-a762-65d7ca9d94a4
Filepath 222: data/raw/s2orc/20250808_113318_00015_j7igg_c22232a4-9967-4aa7-8fe4-25de260cb2c4
Filepath 223: data/raw/s2orc/20250808_113318_00015_j7igg_c302efbc-4e77-482c-901a-32e87734a4ef
Filepath 224: data/raw/s2orc/20250808_113318_00015_j7igg_c39c7f77-39d7-4207-bb38-0765ba597eeb
Filepath 225: data/raw/s2orc/20250808_113318_00015_j7igg_c4272f59-17b7-4b5d-bf07-8de7f5ca4233
Filepath 226: data/raw/s2orc/20250808_113318_00015_j7igg_c4458a83-c8d1-428a-b373-4e255fb19f6e
Filepath 227: data/raw/s2orc/20250808_113318_00015_j7igg_c460e96d-5b16-4a64-a2e7-eb5e52ea1fd9
Filepath 228: data/raw/s2orc/20250808_113318_00015_j7igg_c7514647-51e1-444f-bd06-34a443c0ea32
Filepath 229: data/raw/s2orc/20250808_113318_00015_j7igg_c75b400e-f099-4082-bcb7-6e19f55bcfc0
Filepath 230: data/raw/s2orc/20250808_113318_00015_j7igg_c9230425-d41c-4d3b-adbc-6cd75c496191
Filepath 231: data/raw/s2orc/20250808_113318_00015_j7igg_ca70a1b0-ae62-46a5-aad8-a93904de8630
Filepath 232: data/raw/s2orc/20250808_113318_00015_j7igg_cbcbaf13-5080-48a2-887e-3bed71f044e3
Filepath 233: data/raw/s2orc/20250808_113318_00015_j7igg_cc1a0fcb-ddf4-41b4-931d-0a9c80b4392d
Filepath 234: data/raw/s2orc/20250808_113318_00015_j7igg_ccf4c3ba-c552-4254-af8d-cf1e02e27e66
Filepath 235: data/raw/s2orc/20250808_113318_00015_j7igg_cd8856d4-204b-4986-bc1f-e2540c64b9ba
Filepath 236: data/raw/s2orc/20250808_113318_00015_j7igg_ce6af6ff-3612-406f-a084-0cc7d329ed45
Filepath 237: data/raw/s2orc/20250808_113318_00015_j7igg_cffdd8da-b06b-4491-8f5a-d8a6efb023bc
Filepath 238: data/raw/s2orc/20250808_113318_00015_j7igg_d00ae244-b940-4b30-87f0-68b6ea72029a
Filepath 239: data/raw/s2orc/20250808_113318_00015_j7igg_d0daec19-6a15-4bbd-a539-dbff112306bb
Filepath 240: data/raw/s2orc/20250808_113318_00015_j7igg_d0e54692-920d-4e8c-8abe-7849689c821d
Filepath 241: data/raw/s2orc/20250808_113318_00015_j7igg_d11bafde-9b17-4f6f-9c1d-4b003fad25d6
Filepath 242: data/raw/s2orc/20250808_113318_00015_j7igg_d1f084f8-b261-418c-978e-ab193cfa3dbe
Filepath 243: data/raw/s2orc/20250808_113318_00015_j7igg_d231d4d6-0813-4eca-9bad-f8f238d1ac15
Filepath 244: data/raw/s2orc/20250808_113318_00015_j7igg_d3ee48e9-f689-4d18-9569-667b30a82366
Filepath 245: data/raw/s2orc/20250808_113318_00015_j7igg_d3ee9c7b-5936-4658-a8a6-3e62c116a7f1
Filepath 246: data/raw/s2orc/20250808_113318_00015_j7igg_d6d5a1d5-d81b-4ac0-82d9-ddc74280badf
Filepath 247: data/raw/s2orc/20250808_113318_00015_j7igg_d6fc8c2c-90b2-4121-96cb-8e784e9c3b8b
Filepath 248: data/raw/s2orc/20250808_113318_00015_j7igg_d7397dc2-35bc-4a13-b0a4-370902cd1fd7
Filepath 249: data/raw/s2orc/20250808_113318_00015_j7igg_d7b13432-5922-48f1-9c3b-c652012bd5fe
Filepath 250: data/raw/s2orc/20250808_113318_00015_j7igg_d9ad2574-2d7c-4c59-82a3-a03990174d5c
Filepath 251: data/raw/s2orc/20250808_113318_00015_j7igg_dc4e8c50-73b0-4f1d-8552-8ab001e66df3
Filepath 252: data/raw/s2orc/20250808_113318_00015_j7igg_ddd5fdcd-f284-42c4-8ee7-4101a7b8e943
Filepath 253: data/raw/s2orc/20250808_113318_00015_j7igg_dfb8aa63-5b03-41fc-82c8-5b1b74d65b78
Filepath 254: data/raw/s2orc/20250808_113318_00015_j7igg_e09eb81f-2e8d-4fc5-b2af-7740c7cbfa64
Filepath 255: data/raw/s2orc/20250808_113318_00015_j7igg_e130ddc0-1a6b-43b8-8078-dc92a1edaa7f
Filepath 256: data/raw/s2orc/20250808_113318_00015_j7igg_e188cc0e-bebf-4914-a20b-59b912657cab
Filepath 257: data/raw/s2orc/20250808_113318_00015_j7igg_e1ba5ee9-87c4-4903-be38-b4cda9df6c46
Filepath 258: data/raw/s2orc/20250808_113318_00015_j7igg_e276ad44-77e4-4983-afce-65e7f144ced6
Filepath 259: data/raw/s2orc/20250808_113318_00015_j7igg_e45d56b8-3ec9-4c43-94c8-f8ea9ba1aa48
Filepath 260: data/raw/s2orc/20250808_113318_00015_j7igg_e57e70e7-d19b-4984-80b9-6d5bc507d650
Filepath 261: data/raw/s2orc/20250808_113318_00015_j7igg_e5bdd43a-b4df-42a4-8d3f-8524cac1b64e
Filepath 262: data/raw/s2orc/20250808_113318_00015_j7igg_e6cef3cb-ed06-48a6-a72f-234d61deabe9
Filepath 263: data/raw/s2orc/20250808_113318_00015_j7igg_e6eaaf3e-9622-4595-ba24-7bdc3cea0119
Filepath 264: data/raw/s2orc/20250808_113318_00015_j7igg_e86d72a5-7d33-4649-b54c-82c874719c80
Filepath 265: data/raw/s2orc/20250808_113318_00015_j7igg_e8cacbbf-e964-4df0-a9a7-f28d3dd49191
Filepath 266: data/raw/s2orc/20250808_113318_00015_j7igg_e9682828-5d21-4e47-a8e0-5f15332e0943
Filepath 267: data/raw/s2orc/20250808_113318_00015_j7igg_eb288936-4629-4c8a-9b66-6ea647ec82e6
Filepath 268: data/raw/s2orc/20250808_113318_00015_j7igg_ec520d28-f801-4da7-b7c2-454d75676525
Filepath 269: data/raw/s2orc/20250808_113318_00015_j7igg_ec7c1f82-7664-484f-98d7-80b79a82aa73
Filepath 270: data/raw/s2orc/20250808_113318_00015_j7igg_ed25daec-44a3-4f1f-bd1d-76667b5c72ae
Filepath 271: data/raw/s2orc/20250808_113318_00015_j7igg_ed32e700-0c5b-4e00-a7a8-c01145cf5d7f
Filepath 272: data/raw/s2orc/20250808_113318_00015_j7igg_ed9b2958-42ac-41db-96eb-5d8db6f5facf
Filepath 273: data/raw/s2orc/20250808_113318_00015_j7igg_ee6c0430-a006-499e-971e-90ef9187da0b
Filepath 274: data/raw/s2orc/20250808_113318_00015_j7igg_ef9ea94d-4116-4c6c-8db1-5345b91971ac
Filepath 275: data/raw/s2orc/20250808_113318_00015_j7igg_efd020a8-2c9a-4d42-a00f-7ed6aa88673f
Filepath 276: data/raw/s2orc/20250808_113318_00015_j7igg_f056dc03-275c-4c7f-a5aa-a7429a983a46
Filepath 277: data/raw/s2orc/20250808_113318_00015_j7igg_f0d8192e-4f71-4cbe-a146-2e771f99f607
Filepath 278: data/raw/s2orc/20250808_113318_00015_j7igg_f17ce126-eb85-4428-b0cb-f8ee239290cf
Filepath 279: data/raw/s2orc/20250808_113318_00015_j7igg_f2ca366e-12ef-4139-a95a-665e8c934e14
Filepath 280: data/raw/s2orc/20250808_113318_00015_j7igg_f4d59b04-fd91-4877-9283-2fcefcf422e4
Filepath 281: data/raw/s2orc/20250808_113318_00015_j7igg_f50e1ca8-3a83-452f-8ea4-67dc2d0381f6
Filepath 282: data/raw/s2orc/20250808_113318_00015_j7igg_f57c0c57-7c14-4c39-9fea-431942babb6b
Filepath 283: data/raw/s2orc/20250808_113318_00015_j7igg_f6522931-dd65-491c-8637-954f33a7f7d4
Filepath 284: data/raw/s2orc/20250808_113318_00015_j7igg_f6948bee-b0e3-4729-b8a7-a88db4413d97
Filepath 285: data/raw/s2orc/20250808_113318_00015_j7igg_f6f84184-22fd-4222-ac73-b3a50c979a14
Filepath 286: data/raw/s2orc/20250808_113318_00015_j7igg_f70f550b-0058-4262-ab86-92ef0df8a55e
Filepath 287: data/raw/s2orc/20250808_113318_00015_j7igg_f8b42318-f5e0-4780-91a6-0727788fbb79
Filepath 288: data/raw/s2orc/20250808_113318_00015_j7igg_f8e20d81-691c-4c20-9750-096c2395b049
Filepath 289: data/raw/s2orc/20250808_113318_00015_j7igg_f91c114f-ca13-41d2-8852-378ab40d6172
Filepath 290: data/raw/s2orc/20250808_113318_00015_j7igg_f9cd0632-bb97-43f7-b1b5-d65a5d3871d2
Filepath 291: data/raw/s2orc/20250808_113318_00015_j7igg_fa3f6a36-ab4c-4fa4-96d0-f276c3a7bfc3
Filepath 292: data/raw/s2orc/20250808_113318_00015_j7igg_fa52f99d-d085-477e-8546-5210ea907bf3
Filepath 293: data/raw/s2orc/20250808_113318_00015_j7igg_fc7098a1-7786-43f6-bd83-a5648c79ff68
Filepath 294: data/raw/s2orc/20250808_113318_00015_j7igg_fd04427a-a184-436b-ba68-90225c329dfc
Filepath 295: data/raw/s2orc/20250808_113318_00015_j7igg_fd082d59-c545-4a25-8d2f-195614d5aa5a
Filepath 296: data/raw/s2orc/20250808_113318_00015_j7igg_fe895839-c566-4ccc-9bff-460f39d58e5c
Filepath 297: data/raw/s2orc/20250808_113318_00015_j7igg_ff24a20b-c222-44af-8c24-29656876aac6
